\BOOKMARK [1][-]{section.1}{\376\377\000I\000n\000t\000r\000o\000d\000u\000c\000t\000i\000o\000n}{}% 1
\BOOKMARK [2][-]{subsection.1.1}{\376\377\000M\000o\000t\000i\000v\000a\000t\000i\000o\000n}{section.1}% 2
\BOOKMARK [2][-]{subsection.1.2}{\376\377\000O\000b\000j\000e\000c\000t\000i\000v\000e}{section.1}% 3
\BOOKMARK [2][-]{subsection.1.3}{\376\377\000S\000i\000m\000u\000l\000a\000t\000i\000o\000n\000\040\000E\000n\000v\000i\000r\000o\000n\000m\000e\000n\000t}{section.1}% 4
\BOOKMARK [2][-]{subsection.1.4}{\376\377\000E\000v\000a\000l\000u\000a\000t\000i\000o\000n}{section.1}% 5
\BOOKMARK [2][-]{subsection.1.5}{\376\377\000R\000e\000p\000o\000r\000t\000\040\000S\000t\000r\000u\000c\000t\000u\000r\000e}{section.1}% 6
\BOOKMARK [1][-]{section.2}{\376\377\000L\000i\000t\000e\000r\000a\000t\000u\000r\000e\000\040\000R\000e\000v\000i\000e\000w}{}% 7
\BOOKMARK [1][-]{section.3}{\376\377\000O\000r\000d\000e\000r\000\040\000B\000o\000o\000k}{}% 8
\BOOKMARK [2][-]{subsection.3.1}{\376\377\000D\000a\000t\000a\000\040\000s\000t\000r\000u\000c\000t\000u\000r\000e}{section.3}% 9
\BOOKMARK [2][-]{subsection.3.2}{\376\377\000S\000u\000b\000m\000i\000s\000s\000i\000o\000n\000s\000\040\000a\000n\000d\000\040\000c\000a\000n\000c\000e\000l\000l\000a\000t\000i\000o\000n\000s}{section.3}% 10
\BOOKMARK [2][-]{subsection.3.3}{\376\377\000M\000a\000t\000c\000h\000i\000n\000g\000\040\000r\000u\000l\000e}{section.3}% 11
\BOOKMARK [2][-]{subsection.3.4}{\376\377\000F\000i\000l\000l\000s\000\040\000a\000s\000\040\000e\000v\000e\000n\000t\000s}{section.3}% 12
\BOOKMARK [1][-]{section.4}{\376\377\000M\000a\000r\000k\000e\000t\000\040\000S\000i\000m\000u\000l\000a\000t\000o\000r\000\040\000f\000o\000r\000\040\000V\000e\000n\000u\000e\000s\000\040\000B\000\040\000a\000n\000d\000\040\000C}{}% 13
\BOOKMARK [2][-]{subsection.4.1}{\376\377\000N\000o\000i\000s\000e\000d\000\040\000m\000i\000d}{section.4}% 14
\BOOKMARK [2][-]{subsection.4.2}{\376\377\000S\000p\000r\000e\000a\000d\000\040\000r\000e\000g\000i\000m\000e\000s}{section.4}% 15
\BOOKMARK [2][-]{subsection.4.3}{\376\377\000D\000e\000p\000t\000h}{section.4}% 16
\BOOKMARK [2][-]{subsection.4.4}{\376\377\000O\000n\000e\000\040\000s\000t\000o\000c\000k\000,\000\040\000t\000w\000o\000\040\000v\000e\000n\000u\000e\000s}{section.4}% 17
\BOOKMARK [2][-]{subsection.4.5}{\376\377\000V\000a\000l\000i\000d\000a\000t\000i\000o\000n}{section.4}% 18
\BOOKMARK [1][-]{section.5}{\376\377\000M\000a\000r\000k\000e\000t\000-\000M\000a\000k\000i\000n\000g\000\040\000L\000o\000g\000i\000c\000\040\000o\000n\000\040\000E\000x\000c\000h\000a\000n\000g\000e\000\040\000A}{}% 19
\BOOKMARK [2][-]{subsection.5.1}{\376\377\000F\000a\000i\000r\000\040\000m\000i\000d\000\040\000u\000n\000d\000e\000r\000\040\000l\000a\000t\000e\000n\000c\000y\000\040\000a\000s\000y\000m\000m\000e\000t\000r\000y}{section.5}% 20
\BOOKMARK [2][-]{subsection.5.2}{\376\377\000R\000e\000s\000e\000r\000v\000a\000t\000i\000o\000n\000\040\000p\000r\000i\000c\000e\000:\000\040\000A\000v\000e\000l\000l\000a\000n\000e\000d\000a\040\023\000S\000t\000o\000i\000k\000o\000v\000\040\000w\000i\000t\000h\000\040\000i\000n\000f\000i\000n\000i\000t\000e\000\040\000h\000o\000r\000i\000z\000o\000n}{section.5}% 21
\BOOKMARK [2][-]{subsection.5.3}{\376\377\000T\000h\000r\000e\000e\000-\000c\000o\000m\000p\000o\000n\000e\000n\000t\000\040\000s\000p\000r\000e\000a\000d\000\040\000w\000i\000t\000h\000\040\000f\000e\000e\000\040\000f\000l\000o\000o\000r}{section.5}% 22
\BOOKMARK [2][-]{subsection.5.4}{\376\377\000A\000s\000y\000m\000m\000e\000t\000r\000i\000c\000\040\000s\000k\000e\000w\000\040\000a\000n\000d\000\040\000l\000a\000d\000d\000e\000r}{section.5}% 23
\BOOKMARK [2][-]{subsection.5.5}{\376\377\000S\000e\000l\000e\000c\000t\000i\000v\000e\000\040\000r\000e\000-\000q\000u\000o\000t\000i\000n\000g}{section.5}% 24
\BOOKMARK [2][-]{subsection.5.6}{\376\377\000H\000e\000d\000g\000e\000\040\000r\000o\000u\000t\000e\000r}{section.5}% 25
\BOOKMARK [1][-]{section.6}{\376\377\000C\000l\000i\000e\000n\000t\000\040\000O\000r\000d\000e\000r\000\040\000F\000l\000o\000w\000\040\000o\000n\000\040\000E\000x\000c\000h\000a\000n\000g\000e\000\040\000A}{}% 26
\BOOKMARK [2][-]{subsection.6.1}{\376\377\000P\000o\000i\000s\000s\000o\000n\000\040\000a\000r\000r\000i\000v\000a\000l\000s\000\040\000w\000i\000t\000h\000\040\000p\000r\000i\000c\000e\000-\000s\000e\000n\000s\000i\000t\000i\000v\000e\000\040\000i\000n\000t\000e\000n\000s\000i\000t\000y}{section.6}% 27
\BOOKMARK [2][-]{subsection.6.2}{\376\377\000M\000a\000r\000k\000e\000t\000-\000v\000e\000r\000s\000u\000s\000-\000l\000i\000m\000i\000t\000\040\000m\000i\000x\000\040\000a\000n\000d\000\040\000l\000i\000m\000i\000t\000\040\000p\000l\000a\000c\000e\000m\000e\000n\000t}{section.6}% 28
\BOOKMARK [2][-]{subsection.6.3}{\376\377\000H\000e\000a\000v\000y\000-\000t\000a\000i\000l\000e\000d\000\040\000o\000r\000d\000e\000r\000\040\000s\000i\000z\000e\000s}{section.6}% 29
\BOOKMARK [2][-]{subsection.6.4}{\376\377\000C\000o\000n\000s\000u\000m\000p\000t\000i\000o\000n\000\040\000b\000y\000\040\000t\000h\000e\000\040\000o\000r\000d\000e\000r\000\040\000b\000o\000o\000k}{section.6}% 30
\BOOKMARK [1][-]{section.7}{\376\377\000I\000n\000v\000e\000n\000t\000o\000r\000y\000\040\000a\000n\000d\000\040\000P\000\046\000L\000\040\000T\000r\000a\000c\000k\000i\000n\000g}{}% 31
\BOOKMARK [2][-]{subsection.7.1}{\376\377\000S\000i\000g\000n\000\040\000a\000n\000d\000\040\000f\000e\000e\000\040\000c\000o\000n\000v\000e\000n\000t\000i\000o\000n}{section.7}% 32
\BOOKMARK [2][-]{subsection.7.2}{\376\377\000R\000e\000a\000l\000i\000z\000e\000d\000\040\000v\000e\000r\000s\000u\000s\000\040\000m\000a\000r\000k\000-\000t\000o\000-\000m\000a\000r\000k\000e\000t}{section.7}% 33
\BOOKMARK [2][-]{subsection.7.3}{\376\377\000I\000n\000c\000e\000p\000t\000i\000o\000n\000\040\000s\000p\000r\000e\000a\000d\000\040\000v\000e\000r\000s\000u\000s\000\040\000m\000i\000d\000-\000t\000o\000-\000m\000i\000d\000\040\000r\000e\000v\000a\000l\000u\000a\000t\000i\000o\000n}{section.7}% 34
\BOOKMARK [2][-]{subsection.7.4}{\376\377\000C\000o\000n\000t\000i\000n\000u\000o\000u\000s\000\040\000M\000t\000M\000\040\000a\000n\000d\000\040\000f\000i\000n\000a\000l\000\040\000i\000n\000v\000e\000n\000t\000o\000r\000y}{section.7}% 35
\BOOKMARK [1][-]{section.8}{\376\377\000P\000h\000a\000s\000e\000\040\0001\000\040\000B\000a\000c\000k\000t\000e\000s\000t\000\040\000R\000e\000p\000o\000r\000t}{}% 36
\BOOKMARK [2][-]{subsection.8.1}{\376\377\000W\000h\000a\000t\000\040\000w\000e\000\040\000s\000i\000m\000u\000l\000a\000t\000e\000d}{section.8}% 37
\BOOKMARK [2][-]{subsection.8.2}{\376\377\000H\000e\000a\000d\000l\000i\000n\000e\000\040\000r\000e\000s\000u\000l\000t\000s}{section.8}% 38
\BOOKMARK [2][-]{subsection.8.3}{\376\377\000P\000r\000i\000c\000e\000s\000\040\000a\000c\000r\000o\000s\000s\000\040\000t\000h\000e\000\040\000t\000h\000r\000e\000e\000\040\000v\000e\000n\000u\000e\000s}{section.8}% 39
\BOOKMARK [2][-]{subsection.8.4}{\376\377\000E\000x\000e\000c\000u\000t\000i\000o\000n\000\040\000p\000r\000o\000f\000i\000l\000e\000:\000\040\000t\000h\000e\000\040\000l\000a\000r\000g\000e\000s\000t\000\040\000f\000i\000l\000l\000s}{section.8}% 40
\BOOKMARK [2][-]{subsection.8.5}{\376\377\000I\000n\000v\000e\000n\000t\000o\000r\000y\000\040\000e\000x\000p\000o\000s\000u\000r\000e\000\040\000a\000n\000d\000\040\000r\000i\000s\000k\000\040\000c\000o\000n\000t\000r\000o\000l\000s}{section.8}% 41
\BOOKMARK [2][-]{subsection.8.6}{\376\377\000P\000e\000r\000-\000t\000r\000a\000d\000e\000\040\000P\000\046\000L\000\040\000d\000i\000s\000p\000e\000r\000s\000i\000o\000n}{section.8}% 42
\BOOKMARK [2][-]{subsection.8.7}{\376\377\000F\000i\000l\000l\000\040\000r\000a\000t\000e\000\040\000a\000n\000d\000\040\000l\000a\000d\000d\000e\000r\000\040\000u\000t\000i\000l\000i\000s\000a\000t\000i\000o\000n}{section.8}% 43
\BOOKMARK [2][-]{subsection.8.8}{\376\377\000W\000h\000a\000t\000\040\000P\000h\000a\000s\000e\000\040\0002\000\040\000w\000i\000l\000l\000\040\000c\000h\000a\000n\000g\000e}{section.8}% 44
\BOOKMARK [1][-]{section.9}{\376\377\000P\000h\000a\000s\000e\000\040\0002\000\040\040\024\000\040\000C\000a\000l\000i\000b\000r\000a\000t\000i\000o\000n\000\040\000f\000r\000o\000m\000\040\000T\000r\000a\000d\000i\000n\000g\000\040\000H\000i\000s\000t\000o\000r\000y}{}% 45
\BOOKMARK [2][-]{subsection.9.1}{\376\377\000W\000h\000y\000\040\000c\000a\000l\000i\000b\000r\000a\000t\000e\000,\000\040\000a\000n\000d\000\040\000w\000h\000a\000t\000\040\000t\000o\000\040\000c\000a\000l\000i\000b\000r\000a\000t\000e}{section.9}% 46
\BOOKMARK [2][-]{subsection.9.2}{\376\377\000D\000a\000t\000a\000\040\000a\000v\000a\000i\000l\000a\000b\000l\000e\000\040\000f\000r\000o\000m\000\040\000P\000h\000a\000s\000e\000\040\0001}{section.9}% 47
\BOOKMARK [2][-]{subsection.9.3}{\376\377\000A\000r\000r\000i\000v\000a\000l\000-\000i\000n\000t\000e\000n\000s\000i\000t\000y\000\040\000d\000e\000c\000a\000y\000\040\000k}{section.9}% 48
\BOOKMARK [2][-]{subsection.9.4}{\376\377\000V\000o\000l\000a\000t\000i\000l\000i\000t\000y\000:\000\040\000E\000W\000M\000A\000\040\000s\000p\000a\000n\000\040\000+\000\040\000G\000A\000R\000C\000H\000\050\0001\000,\0001\000\051}{section.9}% 49
\BOOKMARK [2][-]{subsection.9.5}{\376\377\000S\000p\000r\000e\000a\000d\000\040\000c\000o\000m\000p\000o\000n\000e\000n\000t\000s\000\040\000s\000p\000r\000e\000a\000d\000,\000\040\000i\000m\000b}{section.9}% 50
\BOOKMARK [2][-]{subsection.9.6}{\376\377\000S\000t\000a\000l\000e\000n\000e\000s\000s\000\040\000t\000h\000r\000e\000s\000h\000o\000l\000d\000\040\000s\000t\000a\000l\000e\000\137\000s}{section.9}% 51
\BOOKMARK [2][-]{subsection.9.7}{\376\377\000R\000i\000s\000k\000\040\000a\000v\000e\000r\000s\000i\000o\000n\000\040\000\040\000a\000n\000d\000\040\000h\000o\000r\000i\000z\000o\000n\000\040}{section.9}% 52
\BOOKMARK [2][-]{subsection.9.8}{\376\377\000L\000a\000d\000d\000e\000r\000\040\000s\000h\000a\000p\000e\000\040\000Q\000b\000a\000s\000e\000\040\000a\000n\000d\000\040}{section.9}% 53
\BOOKMARK [2][-]{subsection.9.9}{\376\377\000H\000o\000w\000\040\000t\000h\000e\000\040\000c\000a\000l\000i\000b\000r\000a\000t\000o\000r\000s\000\040\000f\000i\000t\000\040\000t\000o\000g\000e\000t\000h\000e\000r}{section.9}% 54
\BOOKMARK [2][-]{subsection.9.10}{\376\377\000F\000r\000o\000m\000\040\000h\000e\000u\000r\000i\000s\000t\000i\000c\000\040\000d\000e\000f\000a\000u\000l\000t\000s\000\040\000t\000o\000\040\000c\000a\000l\000i\000b\000r\000a\000t\000e\000d\000\040\000v\000a\000l\000u\000e\000s}{section.9}% 55
\BOOKMARK [1][-]{section.10}{\376\377\000P\000h\000a\000s\000e\000\040\0003\000\040\040\024\000\040\000F\000a\000l\000l\000b\000a\000c\000k\000\040\000L\000i\000q\000u\000i\000d\000i\000t\000y\000\040\000U\000n\000d\000e\000r\000\040\000H\000F\000T\000\040\000C\000o\000m\000p\000e\000t\000i\000t\000i\000o\000n}{}% 56
\BOOKMARK [1][-]{section.11}{\376\377\000C\000o\000n\000c\000l\000u\000s\000i\000o\000n}{}% 57
